<?xml version="1.0" encoding="UTF-8"?>
<testsuite xmlns:xsi="http://www.w3.org/2001/XMLSchema-instance" xsi:noNamespaceSchemaLocation="https://maven.apache.org/surefire/maven-surefire-plugin/xsd/surefire-test-report-3.0.xsd" version="3.0" name="com.avanade.curso.excecoes.ExcecoesTest" time="0.065" tests="24" errors="0" skipped="0" failures="0">
  <properties>
[...]
</properties>
  <testcase name="reThrowRefinado" classname="com.avanade.curso.excecoes.ExcecoesTest" time="0.006">
    <system-out><![CDATA[Erro: Erro ao acessar banco de dados
]]></system-out>
  </testcase>
  <testcase name="finallyComReturn" classname="com.avanade.curso.excecoes.ExcecoesTest" time="0.001">
    <system-out><![CDATA[Finally executando...
]]></system-out>
  </testcase>
  <testcase name="excecaoUncheckedHierarquia" classname="com.avanade.curso.excecoes.ExcecoesTest" time="0.001"/>
  <testcase name="validacaoExceptionCampo" classname="com.avanade.curso.excecoes.ExcecoesTest" time="0.0"/>
  <testcase name="saldoInsuficiente" classname="com.avanade.curso.excecoes.ExcecoesTest" time="0.001"/>
  <testcase name="validacaoAcumulandoErros" classname="com.avanade.curso.excecoes.ExcecoesTest" time="0.001"/>
  <testcase name="excecaoValorInvalido" classname="com.avanade.curso.excecoes.ExcecoesTest" time="0.002"/>
  <testcase name="capturarExcecaoEspecifica" classname="com.avanade.curso.excecoes.ExcecoesTest" time="0.002">
    <system-out><![CDATA[Transferido R$ 500.00 da conta 123 para 456
]]></system-out>
  </testcase>
  <testcase name="executarComPadraoErro" classname="com.avanade.curso.excecoes.ExcecoesTest" time="0.006"/>
  <testcase name="excecaoComCausa" classname="com.avanade.curso.excecoes.ExcecoesTest" time="0.001"/>
  <testcase name="tryWithResources" classname="com.avanade.curso.excecoes.ExcecoesTest" time="0.006">
    <system-out><![CDATA[Erro: arquivo.txt (No such file or directory)
]]></system-out>
  </testcase>
  <testcase name="valorNegativoTransferencia" classname="com.avanade.curso.excecoes.ExcecoesTest" time="0.001"/>
  <testcase name="supressaoExcecoes" classname="com.avanade.curso.excecoes.ExcecoesTest" time="0.001">
    <system-out><![CDATA[Principal: Erro principal no try
Suprimida: Erro ao fechar recurso
]]></system-out>
  </testcase>
  <testcase name="excecaoContaNaoEncontrada" classname="com.avanade.curso.excecoes.ExcecoesTest" time="0.001"/>
  <testcase name="assertFalha" classname="com.avanade.curso.excecoes.ExcecoesTest" time="0.001"/>
  <testcase name="assertPassa" classname="com.avanade.curso.excecoes.ExcecoesTest" time="0.001">
    <system-out><![CDATA[Valor válido: 10
]]></system-out>
  </testcase>
  <testcase name="excecaoCheckedHierarquia" classname="com.avanade.curso.excecoes.ExcecoesTest" time="0.0"/>
  <testcase name="finallySempreExecuta" classname="com.avanade.curso.excecoes.ExcecoesTest" time="0.001">
    <system-out><![CDATA[Erro ao ler: arquivo.txt (No such file or directory)
Fechando recursos...
]]></system-out>
  </testcase>
  <testcase name="excecaoValorInvalidoDetalhes" classname="com.avanade.curso.excecoes.ExcecoesTest" time="0.009"/>
  <testcase name="multiCatch" classname="com.avanade.curso.excecoes.ExcecoesTest" time="0.001">
    <system-out><![CDATA[Transferido R$ 500.00 da conta 123 para 456
]]></system-out>
  </testcase>
  <testcase name="executarComPadraoSucesso" classname="com.avanade.curso.excecoes.ExcecoesTest" time="0.001"/>
  <testcase name="executarIgnorandoExcecoes" classname="com.avanade.curso.excecoes.ExcecoesTest" time="0.002"/>
  <testcase name="wrapException" classname="com.avanade.curso.excecoes.ExcecoesTest" time="0.002">
    <system-out><![CDATA[Transferido R$ 500.00 da conta 123 para 456
]]></system-out>
  </testcase>
  <testcase name="erroBancoDeDados" classname="com.avanade.curso.excecoes.ExcecoesTest" time="0.001"/>
</testsuite>