<?xml version="1.0" encoding="UTF-8"?>
<testsuite xmlns:xsi="http://www.w3.org/2001/XMLSchema-instance" xsi:noNamespaceSchemaLocation="https://maven.apache.org/surefire/maven-surefire-plugin/xsd/surefire-test-report-3.0.xsd" version="3.0" name="com.avanade.curso.funcional.MethodReferencesTest" time="0.065" tests="12" errors="0" skipped="0" failures="0">
  <properties>
[...]
</properties>
  <testcase name="maxMinComReferencia" classname="com.avanade.curso.funcional.MethodReferencesTest" time="0.002"/>
  <testcase name="referenciaClasse" classname="com.avanade.curso.funcional.MethodReferencesTest" time="0.002"/>
  <testcase name="referenciaConstrutor" classname="com.avanade.curso.funcional.MethodReferencesTest" time="0.002"/>
  <testcase name="filtrarProdutosCaros" classname="com.avanade.curso.funcional.MethodReferencesTest" time="0.004"/>
  <testcase name="reduzirComReferencia" classname="com.avanade.curso.funcional.MethodReferencesTest" time="0.003"/>
  <testcase name="referenciaObjetoEspecifico" classname="com.avanade.curso.funcional.MethodReferencesTest" time="0.015"/>
  <testcase name="concatenarStrings" classname="com.avanade.curso.funcional.MethodReferencesTest" time="0.001"/>
  <testcase name="referenciaMetodoEstatico" classname="com.avanade.curso.funcional.MethodReferencesTest" time="0.001"/>
  <testcase name="ordenarProdutos" classname="com.avanade.curso.funcional.MethodReferencesTest" time="0.001"/>
  <testcase name="criarProdutos" classname="com.avanade.curso.funcional.MethodReferencesTest" time="0.0"/>
  <testcase name="ordenarComReferencia" classname="com.avanade.curso.funcional.MethodReferencesTest" time="0.001"/>
  <testcase name="obterPrecos" classname="com.avanade.curso.funcional.MethodReferencesTest" time="0.001"/>
</testsuite>