<?xml version="1.0" encoding="UTF-8"?>
<testsuite xmlns:xsi="http://www.w3.org/2001/XMLSchema-instance" xsi:noNamespaceSchemaLocation="https://maven.apache.org/surefire/maven-surefire-plugin/xsd/surefire-test-report-3.0.xsd" version="3.0" name="com.avanade.curso.enums.EnumsTest" time="0.081" tests="31" errors="0" skipped="0" failures="0">
  <properties>
[...]
</properties>
  <testcase name="enumSetContains" classname="com.avanade.curso.enums.EnumsTest" time="0.001"/>
  <testcase name="enumSingleton" classname="com.avanade.curso.enums.EnumsTest" time="0.006"/>
  <testcase name="operacaoDivisaoPorZero" classname="com.avanade.curso.enums.EnumsTest" time="0.004"/>
  <testcase name="tipoClientePadrao" classname="com.avanade.curso.enums.EnumsTest" time="0.005"/>
  <testcase name="enumTypeSafety" classname="com.avanade.curso.enums.EnumsTest" time="0.002"/>
  <testcase name="statusPedidoFinalizado" classname="com.avanade.curso.enums.EnumsTest" time="0.001"/>
  <testcase name="enumComparacao" classname="com.avanade.curso.enums.EnumsTest" time="0.001"/>
  <testcase name="statusPedidoCampos" classname="com.avanade.curso.enums.EnumsTest" time="0.001"/>
  <testcase name="calculadora" classname="com.avanade.curso.enums.EnumsTest" time="0.003">
    <system-out><![CDATA[Calculando: 10.00 + 5.00 = 15.0
Calculando: 10.00 - 5.00 = 5.0
Calculando: 10.00 * 5.00 = 50.0
Calculando: 10.00 / 5.00 = 2.0
]]></system-out>
  </testcase>
  <testcase name="statusPedidoCodigoInvalido" classname="com.avanade.curso.enums.EnumsTest" time="0.003"/>
  <testcase name="enumOrdinal" classname="com.avanade.curso.enums.EnumsTest" time="0.002"/>
  <testcase name="statusPedidoPorCodigo" classname="com.avanade.curso.enums.EnumsTest" time="0.001"/>
  <testcase name="notificacaoEmail" classname="com.avanade.curso.enums.EnumsTest" time="0.005">
    <system-out><![CDATA[[EMAIL] Para: teste@email.com | Mensagem
]]></system-out>
  </testcase>
  <testcase name="processadorProximoPasso" classname="com.avanade.curso.enums.EnumsTest" time="0.003"/>
  <testcase name="tipoClienteVIP" classname="com.avanade.curso.enums.EnumsTest" time="0.001"/>
  <testcase name="enumMapOrdem" classname="com.avanade.curso.enums.EnumsTest" time="0.002"/>
  <testcase name="tipoClientePremium" classname="com.avanade.curso.enums.EnumsTest" time="0.001"/>
  <testcase name="operacaoSubtracao" classname="com.avanade.curso.enums.EnumsTest" time="0.0"/>
  <testcase name="enumMapBasico" classname="com.avanade.curso.enums.EnumsTest" time="0.001"/>
  <testcase name="notificacaoSMS" classname="com.avanade.curso.enums.EnumsTest" time="0.002">
    <system-out><![CDATA[[SMS] Para: 11999999999 | Código
]]></system-out>
  </testcase>
  <testcase name="processadorPedido" classname="com.avanade.curso.enums.EnumsTest" time="0.003">
    <system-out><![CDATA[Aguardando pagamento...
Entregue ao cliente!
]]></system-out>
  </testcase>
  <testcase name="notificacaoPUSH" classname="com.avanade.curso.enums.EnumsTest" time="0.002">
    <system-out><![CDATA[[PUSH] Para: device-token | Alerta
]]></system-out>
  </testcase>
  <testcase name="enumSetAllOf" classname="com.avanade.curso.enums.EnumsTest" time="0.001"/>
  <testcase name="enumValores" classname="com.avanade.curso.enums.EnumsTest" time="0.001"/>
  <testcase name="enumValueOf" classname="com.avanade.curso.enums.EnumsTest" time="0.0"/>
  <testcase name="enumSetComplement" classname="com.avanade.curso.enums.EnumsTest" time="0.001"/>
  <testcase name="operacaoDivisao" classname="com.avanade.curso.enums.EnumsTest" time="0.001"/>
  <testcase name="operacaoSimbolo" classname="com.avanade.curso.enums.EnumsTest" time="0.001"/>
  <testcase name="operacaoMultiplicacao" classname="com.avanade.curso.enums.EnumsTest" time="0.001"/>
  <testcase name="operacaoSoma" classname="com.avanade.curso.enums.EnumsTest" time="0.001"/>
  <testcase name="statusPedidoPodeCancelar" classname="com.avanade.curso.enums.EnumsTest" time="0.001"/>
</testsuite>