<?xml version="1.0" encoding="UTF-8"?>
<testsuite xmlns:xsi="http://www.w3.org/2001/XMLSchema-instance" xsi:noNamespaceSchemaLocation="https://maven.apache.org/surefire/maven-surefire-plugin/xsd/surefire-test-report-3.0.xsd" version="3.0" name="com.avanade.curso.collections.CollectionsTest" time="0.16" tests="28" errors="0" skipped="0" failures="0">
  <properties>
[...]
</properties>
  <testcase name="treeSetOrdenado" classname="com.avanade.curso.collections.CollectionsTest" time="0.004"/>
  <testcase name="queueFIFO" classname="com.avanade.curso.collections.CollectionsTest" time="0.008"/>
  <testcase name="singletonSet" classname="com.avanade.curso.collections.CollectionsTest" time="0.01"/>
  <testcase name="emptyList" classname="com.avanade.curso.collections.CollectionsTest" time="0.002"/>
  <testcase name="linkedListComoDeque" classname="com.avanade.curso.collections.CollectionsTest" time="0.001"/>
  <testcase name="diamondOperator" classname="com.avanade.curso.collections.CollectionsTest" time="0.002"/>
  <testcase name="maxMin" classname="com.avanade.curso.collections.CollectionsTest" time="0.002"/>
  <testcase name="arrayListMantemOrdem" classname="com.avanade.curso.collections.CollectionsTest" time="0.001"/>
  <testcase name="linkedHashSetMantemOrdem" classname="com.avanade.curso.collections.CollectionsTest" time="0.001"/>
  <testcase name="hashMapSobrescreve" classname="com.avanade.curso.collections.CollectionsTest" time="0.002"/>
  <testcase name="unmodifiableList" classname="com.avanade.curso.collections.CollectionsTest" time="0.002"/>
  <testcase name="treeMapOrdenado" classname="com.avanade.curso.collections.CollectionsTest" time="0.002"/>
  <testcase name="frequency" classname="com.avanade.curso.collections.CollectionsTest" time="0.001"/>
  <testcase name="sortLista" classname="com.avanade.curso.collections.CollectionsTest" time="0.001"/>
  <testcase name="binarySearch" classname="com.avanade.curso.collections.CollectionsTest" time="0.003"/>
  <testcase name="dequeOperacoes" classname="com.avanade.curso.collections.CollectionsTest" time="0.001"/>
  <testcase name="mapJava8" classname="com.avanade.curso.collections.CollectionsTest" time="0.011"/>
  <testcase name="usarIsEmpty" classname="com.avanade.curso.collections.CollectionsTest" time="0.001"/>
  <testcase name="sortDecrescente" classname="com.avanade.curso.collections.CollectionsTest" time="0.011"/>
  <testcase name="priorityQueue" classname="com.avanade.curso.collections.CollectionsTest" time="0.007"/>
  <testcase name="arrayListPermiteDuplicados" classname="com.avanade.curso.collections.CollectionsTest" time="0.007"/>
  <testcase name="programarParaInterface" classname="com.avanade.curso.collections.CollectionsTest" time="0.004"/>
  <testcase name="listIteratorModificacao" classname="com.avanade.curso.collections.CollectionsTest" time="0.001"/>
  <testcase name="hashSetRemoveDuplicados" classname="com.avanade.curso.collections.CollectionsTest" time="0.003"/>
  <testcase name="linkedHashMapOrdem" classname="com.avanade.curso.collections.CollectionsTest" time="0.001"/>
  <testcase name="capacidadeInicial" classname="com.avanade.curso.collections.CollectionsTest" time="0.0"/>
  <testcase name="operacoesConjunto" classname="com.avanade.curso.collections.CollectionsTest" time="0.001"/>
  <testcase name="hashMapBasico" classname="com.avanade.curso.collections.CollectionsTest" time="0.002"/>
</testsuite>