<?xml version="1.0" encoding="UTF-8"?>
<testsuite xmlns:xsi="http://www.w3.org/2001/XMLSchema-instance" xsi:noNamespaceSchemaLocation="https://maven.apache.org/surefire/maven-surefire-plugin/xsd/surefire-test-report-3.0.xsd" version="3.0" name="com.avanade.curso.generics.GenericsTest" time="0.096" tests="30" errors="0" skipped="0" failures="0">
  <properties>
[...]
</properties>
  <testcase name="adicionarCachorroEmAnimais" classname="com.avanade.curso.generics.GenericsTest" time="0.003"/>
  <testcase name="repositorioListarTodos" classname="com.avanade.curso.generics.GenericsTest" time="0.003"/>
  <testcase name="maxIntegers" classname="com.avanade.curso.generics.GenericsTest" time="0.002"/>
  <testcase name="somarIntegers" classname="com.avanade.curso.generics.GenericsTest" time="0.002"/>
  <testcase name="numberBoxInteger" classname="com.avanade.curso.generics.GenericsTest" time="0.001"/>
  <testcase name="typeSafety" classname="com.avanade.curso.generics.GenericsTest" time="0.002"/>
  <testcase name="copiarListas" classname="com.avanade.curso.generics.GenericsTest" time="0.001"/>
  <testcase name="numberBoxComparar" classname="com.avanade.curso.generics.GenericsTest" time="0.0"/>
  <testcase name="repositorioDeletar" classname="com.avanade.curso.generics.GenericsTest" time="0.001"/>
  <testcase name="converterLista" classname="com.avanade.curso.generics.GenericsTest" time="0.002"/>
  <testcase name="maxStrings" classname="com.avanade.curso.generics.GenericsTest" time="0.002"/>
  <testcase name="imprimirQualquerLista" classname="com.avanade.curso.generics.GenericsTest" time="0.002">
    <system-out><![CDATA[A
B
1
2
]]></system-out>
  </testcase>
  <testcase name="criarArrayViaReflexao" classname="com.avanade.curso.generics.GenericsTest" time="0.002"/>
  <testcase name="criarLista" classname="com.avanade.curso.generics.GenericsTest" time="0.001"/>
  <testcase name="swapStrings" classname="com.avanade.curso.generics.GenericsTest" time="0.0"/>
  <testcase name="fazerSomCachorros" classname="com.avanade.curso.generics.GenericsTest" time="0.001">
    <system-out><![CDATA[Rex late
Buddy late
]]></system-out>
  </testcase>
  <testcase name="repositorioAtualizar" classname="com.avanade.curso.generics.GenericsTest" time="0.002"/>
  <testcase name="swapIntegers" classname="com.avanade.curso.generics.GenericsTest" time="0.001"/>
  <testcase name="maximoListaVazia" classname="com.avanade.curso.generics.GenericsTest" time="0.001"/>
  <testcase name="caixaString" classname="com.avanade.curso.generics.GenericsTest" time="0.003"/>
  <testcase name="somarDoubles" classname="com.avanade.curso.generics.GenericsTest" time="0.001"/>
  <testcase name="verificarTipo" classname="com.avanade.curso.generics.GenericsTest" time="0.001"/>
  <testcase name="caixaInteger" classname="com.avanade.curso.generics.GenericsTest" time="0.002"/>
  <testcase name="fazerSomAnimais" classname="com.avanade.curso.generics.GenericsTest" time="0.002">
    <system-out><![CDATA[Rex late
Mimi mia
]]></system-out>
  </testcase>
  <testcase name="repositorioUsuario" classname="com.avanade.curso.generics.GenericsTest" time="0.001"/>
  <testcase name="maximoLista" classname="com.avanade.curso.generics.GenericsTest" time="0.001"/>
  <testcase name="caixaTipoComplexo" classname="com.avanade.curso.generics.GenericsTest" time="0.002"/>
  <testcase name="numberBoxDouble" classname="com.avanade.curso.generics.GenericsTest" time="0.0"/>
  <testcase name="criarMap" classname="com.avanade.curso.generics.GenericsTest" time="0.001"/>
  <testcase name="compilacaoSegura" classname="com.avanade.curso.generics.GenericsTest" time="0.0"/>
</testsuite>