<?xml version="1.0" encoding="UTF-8"?>
<testsuite xmlns:xsi="http://www.w3.org/2001/XMLSchema-instance" xsi:noNamespaceSchemaLocation="https://maven.apache.org/surefire/maven-surefire-plugin/xsd/surefire-test-report-3.0.xsd" version="3.0" name="com.avanade.curso.oop.abstracao.GerenciadorNotificacoesTest" time="0.073" tests="15" errors="0" skipped="0" failures="0">
  <properties>
[...]
</properties>
  <testcase name="validarTokenInvalido" classname="com.avanade.curso.oop.abstracao.GerenciadorNotificacoesTest" time="0.004">
    <system-err><![CDATA[Destinatário inválido: token-curto
]]></system-err>
  </testcase>
  <testcase name="listarServicosAtivos" classname="com.avanade.curso.oop.abstracao.GerenciadorNotificacoesTest" time="0.002"/>
  <testcase name="notificarTodosCanais" classname="com.avanade.curso.oop.abstracao.GerenciadorNotificacoesTest" time="0.005">
    <system-out><![CDATA[Conectando a smtp.test.com:587 (TLS=true)
De: test@test.com
Para: teste@exemplo.com
Mensagem: Mensagem broadcast

--
Enviado via Sistema de Noti...
[LOG] Email: Enviado para teste@exemplo.com (58 caracteres)
Enviando SMS via TestSMS para 11999999999
Mensagem: Mensagem broadcast
[LOG] SMS: Enviado para 11999999999 (18 caracteres)
]]></system-out>
    <system-err><![CDATA[Destinatário inválido: teste@exemplo.com
Destinatário inválido: teste@exemplo.com
Destinatário inválido: 11999999999
Destinatário inválido: 11999999999
]]></system-err>
  </testcase>
  <testcase name="smsTruncaMensagemLonga" classname="com.avanade.curso.oop.abstracao.GerenciadorNotificacoesTest" time="0.002">
    <system-out><![CDATA[Enviando SMS via TestSMS para 11999999999
Mensagem: AAAAAAAAAAAAAAAAAAAAAAAAAAAAAAAAAAAAAAAAAAAAAAAAAAAAAAAAAAAAAAAAAAAAAAAAAAAAAAAAAAAAAAAAAAAAAAAAAAAAAAAAAAAAAAAAAAAAAAAAAAAAAAAAAAAAAAAAAAAAAAAAAAAAAAAAAAAAA...
[LOG] SMS: Enviado para 11999999999 (160 caracteres)
]]></system-out>
  </testcase>
  <testcase name="pushSilencioso" classname="com.avanade.curso.oop.abstracao.GerenciadorNotificacoesTest" time="0.005"/>
  <testcase name="enviarSms" classname="com.avanade.curso.oop.abstracao.GerenciadorNotificacoesTest" time="0.004">
    <system-out><![CDATA[Enviando SMS via TestSMS para 11999999999
Mensagem: Mensagem SMS
[LOG] SMS: Enviado para 11999999999 (12 caracteres)
]]></system-out>
  </testcase>
  <testcase name="naoEnviarSeInativo" classname="com.avanade.curso.oop.abstracao.GerenciadorNotificacoesTest" time="0.002">
    <system-err><![CDATA[Canal não disponível: SMS
]]></system-err>
  </testcase>
  <testcase name="emailAdicionaAssinatura" classname="com.avanade.curso.oop.abstracao.GerenciadorNotificacoesTest" time="0.002">
    <system-out><![CDATA[Conectando a test.com:587 (TLS=true)
De: noreply@exemplo.com
Para: test@test.com
Mensagem: Oi

--
Enviado via Sistema de Notificações...
[LOG] Email: Enviado para test@test.com (42 caracteres)
]]></system-out>
  </testcase>
  <testcase name="notificarMultiCanal" classname="com.avanade.curso.oop.abstracao.GerenciadorNotificacoesTest" time="0.004">
    <system-out><![CDATA[Enviando SMS via TestSMS para 11999999999
Mensagem: Mensagem
[LOG] SMS: Enviado para 11999999999 (8 caracteres)
]]></system-out>
    <system-err><![CDATA[Destinatário inválido: 11999999999
]]></system-err>
  </testcase>
  <testcase name="validarTelefoneInvalido" classname="com.avanade.curso.oop.abstracao.GerenciadorNotificacoesTest" time="0.002">
    <system-err><![CDATA[Destinatário inválido: 123
]]></system-err>
  </testcase>
  <testcase name="validarEmailInvalido" classname="com.avanade.curso.oop.abstracao.GerenciadorNotificacoesTest" time="0.002">
    <system-err><![CDATA[Destinatário inválido: email-invalido
]]></system-err>
  </testcase>
  <testcase name="enviarPush" classname="com.avanade.curso.oop.abstracao.GerenciadorNotificacoesTest" time="0.001">
    <system-out><![CDATA[Enviando push para app com.test.app (device: abc123de...)
[LOG] Push Notification: Enviado para abc123def456ghi789jkl012mno345pqr678stu901vwx234yz567abc890def123ghi456jkl789mno012pqr345stu678vwx901yz234abc567 (13 caracteres)
]]></system-out>
  </testcase>
  <testcase name="naoInstanciarClasseAbstrata" classname="com.avanade.curso.oop.abstracao.GerenciadorNotificacoesTest" time="0.001"/>
  <testcase name="templateMethodFluxoPadrao" classname="com.avanade.curso.oop.abstracao.GerenciadorNotificacoesTest" time="0.0">
    <system-err><![CDATA[Destinatário inválido: 
Mensagem não pode ser vazia
Destinatário inválido: email-invalido
]]></system-err>
  </testcase>
  <testcase name="enviarEmail" classname="com.avanade.curso.oop.abstracao.GerenciadorNotificacoesTest" time="0.001">
    <system-out><![CDATA[Conectando a smtp.test.com:587 (TLS=true)
De: test@test.com
Para: destinatario@teste.com
Mensagem: Mensagem de teste

--
Enviado via Sistema de Notif...
[LOG] Email: Enviado para destinatario@teste.com (57 caracteres)
]]></system-out>
  </testcase>
</testsuite>